<?xml version="1.0" encoding="UTF-8"?>
<!-- Generated by org.testng.reporters.JUnitReportReporter -->
<testsuite hostname="DESKTOP-29ISI8J" failures="0" tests="1" name="com.google.himarsha.AppTest" time="32.488" errors="0" timestamp="2022-08-25T19:54:40 IST" skipped="0">
  <testcase classname="com.google.himarsha.AppTest" name="searchhot2" time="32.488"/>
  <system-out/>
</testsuite> <!-- com.google.himarsha.AppTest -->
